<?xml version="1.0" encoding="UTF-8"?>
<testng-results skipped="0" failed="1" ignored="0" total="6" passed="5">
  <reporter-output>
  </reporter-output>
  <suite name="Surefire suite" duration-ms="62955" started-at="2022-02-06T09:55:56Z" finished-at="2022-02-06T09:56:59Z">
    <groups>
      <group name="cucumber">
        <method signature="AbstractTestNGCucumberTests.runScenario(io.cucumber.testng.PickleWrapper, io.cucumber.testng.FeatureWrapper)[pri:0, instance:parallel.ParallelRun@1bce4f0a]" name="runScenario" class="io.cucumber.testng.AbstractTestNGCucumberTests"/>
      </group> <!-- cucumber -->
    </groups>
    <test name="Surefire test" duration-ms="62955" started-at="2022-02-06T09:55:56Z" finished-at="2022-02-06T09:56:59Z">
      <class name="parallel.ParallelRun">
        <test-method status="PASS" signature="setUpClass()[pri:0, instance:parallel.ParallelRun@1bce4f0a]" name="setUpClass" is-config="true" duration-ms="2291" started-at="2022-02-06T09:55:56Z" finished-at="2022-02-06T09:55:59Z">
          <reporter-output>
          </reporter-output>
        </test-method> <!-- setUpClass -->
        <test-method status="PASS" signature="runScenario(io.cucumber.testng.PickleWrapper, io.cucumber.testng.FeatureWrapper)[pri:0, instance:parallel.ParallelRun@1bce4f0a]" name="runScenario" duration-ms="44718" started-at="2022-02-06T09:55:59Z" description="Runs Cucumber Scenarios" data-provider="scenarios" finished-at="2022-02-06T09:56:43Z">
          <params>
            <param index="0">
              <value>
                <![CDATA["Customer Added Successfully"]]>
              </value>
            </param>
            <param index="1">
              <value>
                <![CDATA["Optional[Customer Page feature]"]]>
              </value>
            </param>
          </params>
          <reporter-output>
          </reporter-output>
        </test-method> <!-- runScenario -->
        <test-method status="PASS" signature="runScenario(io.cucumber.testng.PickleWrapper, io.cucumber.testng.FeatureWrapper)[pri:0, instance:parallel.ParallelRun@1bce4f0a]" name="runScenario" duration-ms="46312" started-at="2022-02-06T09:55:59Z" description="Runs Cucumber Scenarios" data-provider="scenarios" finished-at="2022-02-06T09:56:45Z">
          <params>
            <param index="0">
              <value>
                <![CDATA["Customer Added Successfully"]]>
              </value>
            </param>
            <param index="1">
              <value>
                <![CDATA["Optional[Customer Page feature]"]]>
              </value>
            </param>
          </params>
          <reporter-output>
          </reporter-output>
        </test-method> <!-- runScenario -->
        <test-method status="PASS" signature="runScenario(io.cucumber.testng.PickleWrapper, io.cucumber.testng.FeatureWrapper)[pri:0, instance:parallel.ParallelRun@1bce4f0a]" name="runScenario" duration-ms="43945" started-at="2022-02-06T09:55:59Z" description="Runs Cucumber Scenarios" data-provider="scenarios" finished-at="2022-02-06T09:56:43Z">
          <params>
            <param index="0">
              <value>
                <![CDATA["Customer Added Successfully"]]>
              </value>
            </param>
            <param index="1">
              <value>
                <![CDATA["Optional[Customer Page feature]"]]>
              </value>
            </param>
          </params>
          <reporter-output>
          </reporter-output>
        </test-method> <!-- runScenario -->
        <test-method status="PASS" signature="runScenario(io.cucumber.testng.PickleWrapper, io.cucumber.testng.FeatureWrapper)[pri:0, instance:parallel.ParallelRun@1bce4f0a]" name="runScenario" duration-ms="14527" started-at="2022-02-06T09:55:59Z" description="Runs Cucumber Scenarios" data-provider="scenarios" finished-at="2022-02-06T09:56:13Z">
          <params>
            <param index="0">
              <value>
                <![CDATA["Login page title"]]>
              </value>
            </param>
            <param index="1">
              <value>
                <![CDATA["Optional[Login page feature]"]]>
              </value>
            </param>
          </params>
          <reporter-output>
          </reporter-output>
        </test-method> <!-- runScenario -->
        <test-method status="FAIL" signature="runScenario(io.cucumber.testng.PickleWrapper, io.cucumber.testng.FeatureWrapper)[pri:0, instance:parallel.ParallelRun@1bce4f0a]" name="runScenario" duration-ms="15683" started-at="2022-02-06T09:55:59Z" description="Runs Cucumber Scenarios" data-provider="scenarios" finished-at="2022-02-06T09:56:14Z">
          <params>
            <param index="0">
              <value>
                <![CDATA["Forgot Password link"]]>
              </value>
            </param>
            <param index="1">
              <value>
                <![CDATA["Optional[Login page feature]"]]>
              </value>
            </param>
          </params>
          <exception class="org.openqa.selenium.InvalidSelectorException">
            <message>
              <![CDATA[invalid selector: Unable to locate an element with the xpath expression //*[@for='RememberMe'??] because of the following error:
SyntaxError: Failed to execute 'evaluate' on 'Document': The string '//*[@for='RememberMe'??]' is not a valid XPath expression.
  (Session info: chrome=97.0.4692.99)
For documentation on this error, please visit: https://www.seleniumhq.org/exceptions/invalid_selector_exception.html
Build info: version: '3.141.59', revision: 'e82be7d358', time: '2018-11-14T08:17:03'
System info: host: 'Jayashrees-MacBook-Air.local', ip: 'fe80:0:0:0:80e:eef7:2902:6258%en0', os.name: 'Mac OS X', os.arch: 'x86_64', os.version: '10.15.7', java.version: '1.8.0_261'
Driver info: org.openqa.selenium.chrome.ChromeDriver
Capabilities {acceptInsecureCerts: false, browserName: chrome, browserVersion: 97.0.4692.99, chrome: {chromedriverVersion: 97.0.4692.71 (adefa7837d02a..., userDataDir: /var/folders/q2/b983rsb13pn...}, goog:chromeOptions: {debuggerAddress: localhost:56688}, javascriptEnabled: true, networkConnectionEnabled: false, pageLoadStrategy: normal, platform: MAC, platformName: MAC, proxy: Proxy(), setWindowRect: true, strictFileInteractability: false, timeouts: {implicit: 0, pageLoad: 300000, script: 30000}, unhandledPromptBehavior: dismiss and notify, webauthn:extension:credBlob: true, webauthn:extension:largeBlob: true, webauthn:virtualAuthenticators: true}
Session ID: cc3e06af7de7a7bb587c45b45c1e9ad6
*** Element info: {Using=xpath, value=//*[@for='RememberMe'??]}]]>
            </message>
            <full-stacktrace>
              <![CDATA[org.openqa.selenium.InvalidSelectorException: invalid selector: Unable to locate an element with the xpath expression //*[@for='RememberMe'??] because of the following error:
SyntaxError: Failed to execute 'evaluate' on 'Document': The string '//*[@for='RememberMe'??]' is not a valid XPath expression.
  (Session info: chrome=97.0.4692.99)
For documentation on this error, please visit: https://www.seleniumhq.org/exceptions/invalid_selector_exception.html
Build info: version: '3.141.59', revision: 'e82be7d358', time: '2018-11-14T08:17:03'
System info: host: 'Jayashrees-MacBook-Air.local', ip: 'fe80:0:0:0:80e:eef7:2902:6258%en0', os.name: 'Mac OS X', os.arch: 'x86_64', os.version: '10.15.7', java.version: '1.8.0_261'
Driver info: org.openqa.selenium.chrome.ChromeDriver
Capabilities {acceptInsecureCerts: false, browserName: chrome, browserVersion: 97.0.4692.99, chrome: {chromedriverVersion: 97.0.4692.71 (adefa7837d02a..., userDataDir: /var/folders/q2/b983rsb13pn...}, goog:chromeOptions: {debuggerAddress: localhost:56688}, javascriptEnabled: true, networkConnectionEnabled: false, pageLoadStrategy: normal, platform: MAC, platformName: MAC, proxy: Proxy(), setWindowRect: true, strictFileInteractability: false, timeouts: {implicit: 0, pageLoad: 300000, script: 30000}, unhandledPromptBehavior: dismiss and notify, webauthn:extension:credBlob: true, webauthn:extension:largeBlob: true, webauthn:virtualAuthenticators: true}
Session ID: cc3e06af7de7a7bb587c45b45c1e9ad6
*** Element info: {Using=xpath, value=//*[@for='RememberMe'??]}
at sun.reflect.NativeConstructorAccessorImpl.newInstance0(Native Method)
at sun.reflect.NativeConstructorAccessorImpl.newInstance(NativeConstructorAccessorImpl.java:62)
at sun.reflect.DelegatingConstructorAccessorImpl.newInstance(DelegatingConstructorAccessorImpl.java:45)
at java.lang.reflect.Constructor.newInstance(Constructor.java:423)
at org.openqa.selenium.remote.http.W3CHttpResponseCodec.createException(W3CHttpResponseCodec.java:187)
at org.openqa.selenium.remote.http.W3CHttpResponseCodec.decode(W3CHttpResponseCodec.java:122)
at org.openqa.selenium.remote.http.W3CHttpResponseCodec.decode(W3CHttpResponseCodec.java:49)
at org.openqa.selenium.remote.HttpCommandExecutor.execute(HttpCommandExecutor.java:158)
at org.openqa.selenium.remote.service.DriverCommandExecutor.execute(DriverCommandExecutor.java:83)
at org.openqa.selenium.remote.RemoteWebDriver.execute(RemoteWebDriver.java:552)
at org.openqa.selenium.remote.RemoteWebDriver.findElement(RemoteWebDriver.java:323)
at org.openqa.selenium.remote.RemoteWebDriver.findElementByXPath(RemoteWebDriver.java:428)
at org.openqa.selenium.By$ByXPath.findElement(By.java:353)
at org.openqa.selenium.remote.RemoteWebDriver.findElement(RemoteWebDriver.java:315)
at com.pages.LoginPage.rememberMeisDisplayed(LoginPage.java:44)
at parallel.Login_steps.forgot_your_password_link_should_be_displayed(Login_steps.java:39)
at ✽.forgot your password link should be displayed(file:///Users/jayashreehemmige/eclipse-workspace/Cucumber_POM_series_TestNGProject_youtube/src/test/resources/parallel/LoginPage.feature:12)
]]>
            </full-stacktrace>
          </exception> <!-- org.openqa.selenium.InvalidSelectorException -->
          <reporter-output>
          </reporter-output>
        </test-method> <!-- runScenario -->
        <test-method status="PASS" signature="runScenario(io.cucumber.testng.PickleWrapper, io.cucumber.testng.FeatureWrapper)[pri:0, instance:parallel.ParallelRun@1bce4f0a]" name="runScenario" duration-ms="23642" started-at="2022-02-06T09:55:59Z" description="Runs Cucumber Scenarios" data-provider="scenarios" finished-at="2022-02-06T09:56:22Z">
          <params>
            <param index="0">
              <value>
                <![CDATA["Admin page title"]]>
              </value>
            </param>
            <param index="1">
              <value>
                <![CDATA["Optional[Admin Page Feature]"]]>
              </value>
            </param>
          </params>
          <reporter-output>
          </reporter-output>
        </test-method> <!-- runScenario -->
        <test-method status="PASS" signature="tearDownClass()[pri:0, instance:parallel.ParallelRun@1bce4f0a]" name="tearDownClass" is-config="true" duration-ms="14297" started-at="2022-02-06T09:56:45Z" finished-at="2022-02-06T09:56:59Z">
          <reporter-output>
          </reporter-output>
        </test-method> <!-- tearDownClass -->
      </class> <!-- parallel.ParallelRun -->
    </test> <!-- Surefire test -->
  </suite> <!-- Surefire suite -->
</testng-results>
