<?xml version="1.0" encoding="UTF-8"?>
<testsuite xmlns:xsi="http://www.w3.org/2001/XMLSchema-instance" xsi:noNamespaceSchemaLocation="https://maven.apache.org/surefire/maven-surefire-plugin/xsd/surefire-test-report-3.0.xsd" version="3.0" name="parallel.ParallelRun" time="63.598" tests="6" errors="0" skipped="0" failures="1">
  <properties>
[...]
</properties>
  <testcase name="runScenario[&quot;Login page title&quot;, &quot;Optional[Login page feature]&quot;](1)" classname="parallel.ParallelRun" time="14.549">
    <system-out><![CDATA[
@sanity
Scenario: Forgot Password link                       # src/test/resources/parallel/LoginPage.feature:10

@sanity
Scenario Outline: Customer Added Successfully                                                                # src/test/resources/parallel/AddingCustomer.feature:21

@sanity
Scenario Outline: Customer Added Successfully                                                                # src/test/resources/parallel/AddingCustomer.feature:20

@sanity
Scenario: Admin page title                                           # src/test/resources/parallel/acc.feature:9

@sanity
Scenario Outline: Customer Added Successfully                                                                # src/test/resources/parallel/AddingCustomer.feature:22

@Regression
Scenario: Login page title                      # src/test/resources/parallel/LoginPage.feature:4
value of browserchrome
value of browserchrome
value of browserchrome
value of browserchrome
value of browserchrome
value of browserchrome
  Given user is on login page                   # parallel.Login_steps.user_is_on_login_page()
  Given user is on login page                        # parallel.Login_steps.user_is_on_login_page()
Your store. Login
  When user gets the title of the page          # parallel.Login_steps.user_gets_the_title_of_the_page()
  Then page title should be "Your store. Login" # parallel.Login_steps.page_title_should_be(java.lang.String)
]]></system-out>
    <system-err><![CDATA[SLF4J: Failed to load class "org.slf4j.impl.StaticLoggerBinder".
SLF4J: Defaulting to no-operation (NOP) logger implementation
SLF4J: See http://www.slf4j.org/codes.html#StaticLoggerBinder for further details.
SSttaarrting ChroSmtearDtriinvge rC h9r7o.m0eDSriver 97.0.469t.a42t.i679n12g. r7 t(1ai Cd(nehgafrd aoCem7fhe8raD37or78mdie30vD72edrra0i0 2v97aea7r06.7 009a4.6c47016.4e0c926.1.e4e7f661fe90 f2(bf.3a70ad1be0 39fa(4aa072d982e4a3f2ba278a7d88b0d32-87ra8e0fsd7/a0b620a4r0ca71naec66h0-e4fhcef1a0edb6S3set/afa04fr960t49ib223n2@ga{a 0b#9C81h482r2d42o7-ma}rbe)eD8f 8rsodin/-v berredrf -a9srn/7ecb.fhr0-s.a/hn4eb6cra9had-2nsc/pho4-6hre9ta2 .@d237s{51/# 914(26a4d9272}
e@O)f{ na#ol71yn28  34p77loodc0ra2tha 0e47a5ad063s02/4l
4c O61nc9eol26ny@en {f#fl1}0o)2b c43aoa7l0}n 9) c4 pooneo2rct2nta  ipnbe3o8c3r8t8to idn3os-6n r8sa5e r1aef
r sOean/lbl y9al l1ol
lwoOocenwdaell.d
yP.  l
lcePooalcnseaneale sc esct eoiesno ennehes tc htatptirsteo:pn /ssa/:l c/la/hrorcwehoe mradoel.mdl
rePodilwvreeiedavrs.e.
ercP .hlsrceehoearms iohemu timst.uepmoesr.: go/hr//tsgtc/ephscrseuo:crm/iue/trcdyirht-riycvoo-mencersod.incrdsiheirvdreoearmtr.iaiucotmhin.rsooo nmrsfgio /urfsm oe.srocu rugsrggui/egstsgyeet-cisuctoorinnisost nyiso-d nceo ornkane stekiipeodeiennpsriga rftoarn icsohu-ngshg eefasdotsri  o/s4un6gs9g e2o@snt{ #ik1oeneCsp hroinon mgke eDCrehiprvionemr egsDa rfCeih.vr
e2ro4 m7sea})fD er.oin
v epror ts a4f5e33n9g
 OCnhlryo mleoDcrailv ecro nsneacftei.o
.
ns are allowed.
Please see https://chromedriver.chromium.org/security-considerations for suggestions on keeping ChromeDriver safe.
ChromeDriver was started successfully.
ChromeDriver was started successfully.
ChromeDriver was started successfully.
ChromeDriver was started successfully.
ChromeDriver was started successfully.
Starting ChromeDriver 97.0.4692.71 (adefa7837d02a07a604c1e6eff0b3a09422ab88d-refs/branch-heads/4692@{#1247}) on port 15468
Only local connections are allowed.
Please see https://chromedriver.chromium.org/security-considerations for suggestions on keeping ChromeDriver safe.
ChromeDriver was started successfully.
Feb 06, 2022 3:26:09 PM org.openqa.selenium.remote.ProtocolHandshake createSession
INFO: Detected dialect: W3C
Feb 06, 2022 3:26:09 PM org.openqa.selenium.remote.ProtocolHandshake createSession
INFO: Detected dialect: W3C
Feb 06, 2022 3:26:09 PM org.openqa.selenium.remote.ProtocolHandshake createSession
INFO: Detected dialect: W3C
Feb 06, 2022 3:26:09 PM org.openqa.selenium.remote.ProtocolHandshake createSession
INFO: Detected dialect: W3C
Feb 06, 2022 3:26:09 PM org.openqa.selenium.remote.ProtocolHandshake createSession
INFO: Detected dialect: W3C
Feb 06, 2022 3:26:09 PM org.openqa.selenium.remote.ProtocolHandshake createSession
INFO: Detected dialect: W3C
]]></system-err>
  </testcase>
  <testcase name="runScenario[&quot;Forgot Password link&quot;, &quot;Optional[Login page feature]&quot;](2)" classname="parallel.ParallelRun" time="15.697">
    <failure message="invalid selector: Unable to locate an element with the xpath expression //*[@for=&apos;RememberMe&apos;??] because of the following error:&#10;SyntaxError: Failed to execute &apos;evaluate&apos; on &apos;Document&apos;: The string &apos;//*[@for=&apos;RememberMe&apos;??]&apos; is not a valid XPath expression.&#10;  (Session info: chrome=97.0.4692.99)&#10;For documentation on this error, please visit: https://www.seleniumhq.org/exceptions/invalid_selector_exception.html&#10;Build info: version: &apos;3.141.59&apos;, revision: &apos;e82be7d358&apos;, time: &apos;2018-11-14T08:17:03&apos;&#10;System info: host: &apos;Jayashrees-MacBook-Air.local&apos;, ip: &apos;fe80:0:0:0:80e:eef7:2902:6258%en0&apos;, os.name: &apos;Mac OS X&apos;, os.arch: &apos;x86_64&apos;, os.version: &apos;10.15.7&apos;, java.version: &apos;1.8.0_261&apos;&#10;Driver info: org.openqa.selenium.chrome.ChromeDriver&#10;Capabilities {acceptInsecureCerts: false, browserName: chrome, browserVersion: 97.0.4692.99, chrome: {chromedriverVersion: 97.0.4692.71 (adefa7837d02a..., userDataDir: /var/folders/q2/b983rsb13pn...}, goog:chromeOptions: {debuggerAddress: localhost:56688}, javascriptEnabled: true, networkConnectionEnabled: false, pageLoadStrategy: normal, platform: MAC, platformName: MAC, proxy: Proxy(), setWindowRect: true, strictFileInteractability: false, timeouts: {implicit: 0, pageLoad: 300000, script: 30000}, unhandledPromptBehavior: dismiss and notify, webauthn:extension:credBlob: true, webauthn:extension:largeBlob: true, webauthn:virtualAuthenticators: true}&#10;Session ID: cc3e06af7de7a7bb587c45b45c1e9ad6&#10;*** Element info: {Using=xpath, value=//*[@for=&apos;RememberMe&apos;??]}" type="org.openqa.selenium.InvalidSelectorException"><![CDATA[org.openqa.selenium.InvalidSelectorException: 
invalid selector: Unable to locate an element with the xpath expression //*[@for='RememberMe'??] because of the following error:
SyntaxError: Failed to execute 'evaluate' on 'Document': The string '//*[@for='RememberMe'??]' is not a valid XPath expression.
  (Session info: chrome=97.0.4692.99)
For documentation on this error, please visit: https://www.seleniumhq.org/exceptions/invalid_selector_exception.html
Build info: version: '3.141.59', revision: 'e82be7d358', time: '2018-11-14T08:17:03'
System info: host: 'Jayashrees-MacBook-Air.local', ip: 'fe80:0:0:0:80e:eef7:2902:6258%en0', os.name: 'Mac OS X', os.arch: 'x86_64', os.version: '10.15.7', java.version: '1.8.0_261'
Driver info: org.openqa.selenium.chrome.ChromeDriver
Capabilities {acceptInsecureCerts: false, browserName: chrome, browserVersion: 97.0.4692.99, chrome: {chromedriverVersion: 97.0.4692.71 (adefa7837d02a..., userDataDir: /var/folders/q2/b983rsb13pn...}, goog:chromeOptions: {debuggerAddress: localhost:56688}, javascriptEnabled: true, networkConnectionEnabled: false, pageLoadStrategy: normal, platform: MAC, platformName: MAC, proxy: Proxy(), setWindowRect: true, strictFileInteractability: false, timeouts: {implicit: 0, pageLoad: 300000, script: 30000}, unhandledPromptBehavior: dismiss and notify, webauthn:extension:credBlob: true, webauthn:extension:largeBlob: true, webauthn:virtualAuthenticators: true}
Session ID: cc3e06af7de7a7bb587c45b45c1e9ad6
*** Element info: {Using=xpath, value=//*[@for='RememberMe'??]}
]]></failure>
    <system-out><![CDATA[  Then forgot your password link should be displayed # parallel.Login_steps.forgot_your_password_link_should_be_displayed()
      org.openqa.selenium.InvalidSelectorException: invalid selector: Unable to locate an element with the xpath expression //*[@for='RememberMe'??] because of the following error:
SyntaxError: Failed to execute 'evaluate' on 'Document': The string '//*[@for='RememberMe'??]' is not a valid XPath expression.
  (Session info: chrome=97.0.4692.99)
For documentation on this error, please visit: https://www.seleniumhq.org/exceptions/invalid_selector_exception.html
Build info: version: '3.141.59', revision: 'e82be7d358', time: '2018-11-14T08:17:03'
System info: host: 'Jayashrees-MacBook-Air.local', ip: 'fe80:0:0:0:80e:eef7:2902:6258%en0', os.name: 'Mac OS X', os.arch: 'x86_64', os.version: '10.15.7', java.version: '1.8.0_261'
Driver info: org.openqa.selenium.chrome.ChromeDriver
Capabilities {acceptInsecureCerts: false, browserName: chrome, browserVersion: 97.0.4692.99, chrome: {chromedriverVersion: 97.0.4692.71 (adefa7837d02a..., userDataDir: /var/folders/q2/b983rsb13pn...}, goog:chromeOptions: {debuggerAddress: localhost:56688}, javascriptEnabled: true, networkConnectionEnabled: false, pageLoadStrategy: normal, platform: MAC, platformName: MAC, proxy: Proxy(), setWindowRect: true, strictFileInteractability: false, timeouts: {implicit: 0, pageLoad: 300000, script: 30000}, unhandledPromptBehavior: dismiss and notify, webauthn:extension:credBlob: true, webauthn:extension:largeBlob: true, webauthn:virtualAuthenticators: true}
Session ID: cc3e06af7de7a7bb587c45b45c1e9ad6
*** Element info: {Using=xpath, value=//*[@for='RememberMe'??]}
	at sun.reflect.NativeConstructorAccessorImpl.newInstance0(Native Method)
	at sun.reflect.NativeConstructorAccessorImpl.newInstance(NativeConstructorAccessorImpl.java:62)
	at sun.reflect.DelegatingConstructorAccessorImpl.newInstance(DelegatingConstructorAccessorImpl.java:45)
	at java.lang.reflect.Constructor.newInstance(Constructor.java:423)
	at org.openqa.selenium.remote.http.W3CHttpResponseCodec.createException(W3CHttpResponseCodec.java:187)
	at org.openqa.selenium.remote.http.W3CHttpResponseCodec.decode(W3CHttpResponseCodec.java:122)
	at org.openqa.selenium.remote.http.W3CHttpResponseCodec.decode(W3CHttpResponseCodec.java:49)
	at org.openqa.selenium.remote.HttpCommandExecutor.execute(HttpCommandExecutor.java:158)
	at org.openqa.selenium.remote.service.DriverCommandExecutor.execute(DriverCommandExecutor.java:83)
	at org.openqa.selenium.remote.RemoteWebDriver.execute(RemoteWebDriver.java:552)
	at org.openqa.selenium.remote.RemoteWebDriver.findElement(RemoteWebDriver.java:323)
	at org.openqa.selenium.remote.RemoteWebDriver.findElementByXPath(RemoteWebDriver.java:428)
	at org.openqa.selenium.By$ByXPath.findElement(By.java:353)
	at org.openqa.selenium.remote.RemoteWebDriver.findElement(RemoteWebDriver.java:315)
	at com.pages.LoginPage.rememberMeisDisplayed(LoginPage.java:44)
	at parallel.Login_steps.forgot_your_password_link_should_be_displayed(Login_steps.java:39)
	at ✽.forgot your password link should be displayed(file:///Users/jayashreehemmige/eclipse-workspace/Cucumber_POM_series_TestNGProject_youtube/src/test/resources/parallel/LoginPage.feature:12)


    Embedding Forgot_Password_link [image/png 41471 bytes]

]]></system-out>
  </testcase>
  <testcase name="runScenario[&quot;Admin page title&quot;, &quot;Optional[Admin Page Feature]&quot;](3)" classname="parallel.ParallelRun" time="23.645">
    <system-out><![CDATA[  Given user has already logged in to application                                                            # parallel.Admin_Page_steps.user_has_already_logged_in_to_application(io.cucumber.datatable.DataTable)
Dashboard / nopCommerce administration
  And user is on Admin page                                                                                  # parallel.Admin_Page_steps.user_is_on_admin_page()
  Given user has already logged in to application                                                            # parallel.Admin_Page_steps.user_has_already_logged_in_to_application(io.cucumber.datatable.DataTable)
Dashboard / nopCommerce administration
  And user is on Admin page                                                                                  # parallel.Admin_Page_steps.user_is_on_admin_page()
  Given user has already logged in to application                    # parallel.Admin_Page_steps.user_has_already_logged_in_to_application(io.cucumber.datatable.DataTable)
Dashboard / nopCommerce administration
  Given user is on Admin page                                        # parallel.Admin_Page_steps.user_is_on_admin_page()
Dashboard / nopCommerce administration
  When user gets the title of the page                               # parallel.Login_steps.user_gets_the_title_of_the_page()
  Then page title should be "Dashboard / nopCommerce administration" # parallel.Login_steps.page_title_should_be(java.lang.String)
]]></system-out>
  </testcase>
  <testcase name="runScenario[&quot;Customer Added Successfully&quot;, &quot;Optional[Customer Page feature]&quot;](4)" classname="parallel.ParallelRun" time="43.871">
    <system-out><![CDATA[  Given user has already logged in to application                                                            # parallel.Admin_Page_steps.user_has_already_logged_in_to_application(io.cucumber.datatable.DataTable)
Dashboard / nopCommerce administration
  And user is on Admin page                                                                                  # parallel.Admin_Page_steps.user_is_on_admin_page()
  When user gets Customers section and clicks on Customers dropdown and clicks on Customers on the menu item # parallel.Add_New_customer_steps.user_gets_customers_section_and_clicks_on_customers_dropdown_and_clicks_on_customers_on_the_menu_item()
  When user gets Customers section and clicks on Customers dropdown and clicks on Customers on the menu item # parallel.Add_New_customer_steps.user_gets_customers_section_and_clicks_on_customers_dropdown_and_clicks_on_customers_on_the_menu_item()
  When user gets Customers section and clicks on Customers dropdown and clicks on Customers on the menu item # parallel.Add_New_customer_steps.user_gets_customers_section_and_clicks_on_customers_dropdown_and_clicks_on_customers_on_the_menu_item()
  And user clicks on AddNew button                                                                           # parallel.Add_New_customer_steps.user_clicks_on_add_new_button()
this is the actual title :Add a new customer
  Then "Add a new customer" form is displayed                                                                # parallel.Add_New_customer_steps.form_is_displayed(java.lang.String)
  And user clicks on AddNew button                                                                           # parallel.Add_New_customer_steps.user_clicks_on_add_new_button()
this is the actual title :Add a new customer
  Then "Add a new customer" form is displayed                                                                # parallel.Add_New_customer_steps.form_is_displayed(java.lang.String)
  And user clicks on AddNew button                                                                           # parallel.Add_New_customer_steps.user_clicks_on_add_new_button()
this is the actual title :Add a new customer
  Then "Add a new customer" form is displayed                                                                # parallel.Add_New_customer_steps.form_is_displayed(java.lang.String)
  When user fills the form using excel sheet using "customerpage" and rownumber 0                            # parallel.Add_New_customer_steps.user_fills_the_form_using_excel_sheet_using_and_rownumber(java.lang.String,java.lang.Integer)
  When user fills the form using excel sheet using "customerpage" and rownumber 2                            # parallel.Add_New_customer_steps.user_fills_the_form_using_excel_sheet_using_and_rownumber(java.lang.String,java.lang.Integer)
  When user fills the form using excel sheet using "customerpage" and rownumber 1                            # parallel.Add_New_customer_steps.user_fills_the_form_using_excel_sheet_using_and_rownumber(java.lang.String,java.lang.Integer)
  And clicks on Save button                                                                                  # parallel.Add_New_customer_steps.clicks_on_save_button()
this is the ActualmsgtitleThe new customer has been added successfully.
  Then "The new customer has been added successfully." message is displayed                                  # parallel.Add_New_customer_steps.message_is_displayed(java.lang.String)
]]></system-out>
    <system-err><![CDATA[Cleaning up unclosed ZipFile for archive /Users/jayashreehemmige/Documents/Selenium/Selenium_projects_downloaded_from_Google/customertestdata.xlsx
Cleaning up unclosed ZipFile for archive /Users/jayashreehemmige/Documents/Selenium/Selenium_projects_downloaded_from_Google/customertestdata.xlsx
Cleaning up unclosed ZipFile for archive /Users/jayashreehemmige/Documents/Selenium/Selenium_projects_downloaded_from_Google/customertestdata.xlsx
]]></system-err>
  </testcase>
  <testcase name="runScenario[&quot;Customer Added Successfully&quot;, &quot;Optional[Customer Page feature]&quot;](5)" classname="parallel.ParallelRun" time="44.635">
    <system-out><![CDATA[  And clicks on Save button                                                                                  # parallel.Add_New_customer_steps.clicks_on_save_button()
this is the ActualmsgtitleThe new customer has been added successfully.
  Then "The new customer has been added successfully." message is displayed                                  # parallel.Add_New_customer_steps.message_is_displayed(java.lang.String)
]]></system-out>
  </testcase>
  <testcase name="runScenario[&quot;Customer Added Successfully&quot;, &quot;Optional[Customer Page feature]&quot;](6)" classname="parallel.ParallelRun" time="46.229">
    <system-out><![CDATA[  And clicks on Save button                                                                                  # parallel.Add_New_customer_steps.clicks_on_save_button()
this is the ActualmsgtitleThe new customer has been added successfully.
  Then "The new customer has been added successfully." message is displayed                                  # parallel.Add_New_customer_steps.message_is_displayed(java.lang.String)
]]></system-out>
  </testcase>
</testsuite>