<?xml version="1.0" encoding="UTF-8"?>
<testng-results skipped="0" failed="0" ignored="0" total="1" passed="1">
  <reporter-output>
  </reporter-output>
  <suite name="Default suite" duration-ms="29128" started-at="2022-02-06T16:27:25Z" finished-at="2022-02-06T16:27:54Z">
    <groups>
      <group name="cucumber">
        <method signature="AbstractTestNGCucumberTests.runScenario(io.cucumber.testng.PickleWrapper, io.cucumber.testng.FeatureWrapper)[pri:0, instance:parallel.ParallelRun@1700915]" name="runScenario" class="io.cucumber.testng.AbstractTestNGCucumberTests"/>
      </group> <!-- cucumber -->
    </groups>
    <test name="Default test" duration-ms="29128" started-at="2022-02-06T16:27:25Z" finished-at="2022-02-06T16:27:54Z">
      <class name="parallel.ParallelRun">
        <test-method status="PASS" signature="setUpClass()[pri:0, instance:parallel.ParallelRun@1700915]" name="setUpClass" is-config="true" duration-ms="1036" started-at="2022-02-06T16:27:25Z" finished-at="2022-02-06T16:27:26Z">
          <reporter-output>
          </reporter-output>
        </test-method> <!-- setUpClass -->
        <test-method status="PASS" signature="runScenario(io.cucumber.testng.PickleWrapper, io.cucumber.testng.FeatureWrapper)[pri:0, instance:parallel.ParallelRun@1700915]" name="runScenario" duration-ms="19061" started-at="2022-02-06T16:27:26Z" description="Runs Cucumber Scenarios" data-provider="scenarios" finished-at="2022-02-06T16:27:45Z">
          <params>
            <param index="0">
              <value>
                <![CDATA["Customer Added Successfully"]]>
              </value>
            </param>
            <param index="1">
              <value>
                <![CDATA["Optional[Customer Page feature]"]]>
              </value>
            </param>
          </params>
          <reporter-output>
          </reporter-output>
        </test-method> <!-- runScenario -->
        <test-method status="PASS" signature="tearDownClass()[pri:0, instance:parallel.ParallelRun@1700915]" name="tearDownClass" is-config="true" duration-ms="8998" started-at="2022-02-06T16:27:45Z" finished-at="2022-02-06T16:27:54Z">
          <reporter-output>
          </reporter-output>
        </test-method> <!-- tearDownClass -->
      </class> <!-- parallel.ParallelRun -->
    </test> <!-- Default test -->
  </suite> <!-- Default suite -->
</testng-results>
